-------------------------------------------------------------------------------
Test set: com.portfolioap.hla.HlaApplicationTests
-------------------------------------------------------------------------------
Tests run: 1, Failures: 0, Errors: 1, Skipped: 0, Time elapsed: 2.605 s <<< FAILURE! - in com.portfolioap.hla.HlaApplicationTests
contextLoads  Time elapsed: 0.011 s  <<< ERROR!
java.lang.IllegalStateException: Failed to load ApplicationContext
Caused by: org.springframework.beans.factory.BeanCreationException: Error creating bean with name 'entityManagerFactory' defined in class path resource [org/springframework/boot/autoconfigure/orm/jpa/HibernateJpaConfiguration.class]: Invocation of init method failed; nested exception is org.hibernate.AnnotationException: No identifier specified for entity: com.portfolioap.hla.Security.Entity.Rol
Caused by: org.hibernate.AnnotationException: No identifier specified for entity: com.portfolioap.hla.Security.Entity.Rol

